<?xml version="1.0" encoding="UTF-8"?>
<!-- Generated by org.testng.reporters.JUnitReportReporter -->
<testsuite hostname="LAPTOP-I7ABQCRR" failures="0" tests="1" name="com.JavaProject.Sample_Test" time="0.616" errors="0" timestamp="2021-06-19T20:47:54 IST" skipped="0">
  <testcase classname="com.JavaProject.Sample_Test" name="world_Population_Updates" time="0.616"/>
  <system-out/>
</testsuite> <!-- com.JavaProject.Sample_Test -->
