<?xml version="1.0" encoding="UTF-8"?>
<!-- Generated by org.testng.reporters.JUnitReportReporter -->
<testsuite hostname="LAPTOP-I7ABQCRR" failures="0" tests="2" name="hrm.OrnageProject.TestScripts.TC002" time="9.464" errors="0" timestamp="2021-06-18T14:22:56 IST" skipped="0">
  <testcase classname="hrm.OrnageProject.TestScripts.TC002" name="verifyHRMLogin" time="5.085"/>
  <system-out>
    <![CDATA[Verified HRMLogin]]>
  </system-out>
  <testcase classname="hrm.OrnageProject.TestScripts.TC002" name="verifyHRMAddEmplyee" time="4.379"/>
  <system-out>
    <![CDATA[Add HRM Empolyee Functionality Verified]]>
  </system-out>
</testsuite> <!-- hrm.OrnageProject.TestScripts.TC002 -->
