<?xml version="1.0" encoding="UTF-8"?>
<!-- Generated by org.testng.reporters.JUnitReportReporter -->
<testsuite hostname="LAPTOP-I7ABQCRR" failures="0" tests="1" name="hrm.OrnageProject.TestScripts.TC001" time="3.834" errors="0" timestamp="2021-06-18T14:22:56 IST" skipped="0">
  <testcase classname="hrm.OrnageProject.TestScripts.TC001" name="verifyHRMLogin" time="3.834"/>
  <system-out>
    <![CDATA[Verified HRMLogin]]>
  </system-out>
</testsuite> <!-- hrm.OrnageProject.TestScripts.TC001 -->
